<?xml version="1.0" encoding="UTF-8"?>
<!-- Generated by org.testng.reporters.JUnitReportReporter -->
<testsuite skipped="0" hostname="LAPTOP-9CCMDQR0" name="suite.Parameter" tests="1" failures="0" timestamp="12 Dec 2020 15:53:03 GMT" time="61.780" errors="0">
  <testcase name="positive" time="61.780" classname="suite.Parameter"/>
</testsuite> <!-- suite.Parameter -->
