<?xml version="1.0" encoding="UTF-8"?>
<!-- Generated by org.testng.reporters.JUnitReportReporter -->
<testsuite skipped="0" hostname="LAPTOP-9CCMDQR0" name="suite.IncludeExclude" tests="4" failures="0" timestamp="12 Dec 2020 16:46:55 GMT" time="0.028" errors="0">
  <testcase name="positive3" time="0.008" classname="suite.IncludeExclude"/>
  <testcase name="positive4" time="0.002" classname="suite.IncludeExclude"/>
  <testcase name="positive1" time="0.016" classname="suite.IncludeExclude"/>
  <testcase name="positive2" time="0.002" classname="suite.IncludeExclude"/>
</testsuite> <!-- suite.IncludeExclude -->
