<?xml version="1.0" encoding="UTF-8"?>
<!-- Generated by org.testng.reporters.JUnitReportReporter -->
<testsuite skipped="0" hostname="LAPTOP-9CCMDQR0" name="suite.TestNG" tests="2" failures="0" timestamp="12 Dec 2020 14:03:02 GMT" time="0.022" errors="0">
  <testcase name="positive1" time="0.020" classname="suite.TestNG"/>
  <testcase name="positive2" time="0.002" classname="suite.TestNG"/>
</testsuite> <!-- suite.TestNG -->
